<?xml version="1.0" encoding="UTF-8"?>
<!-- Generated by org.testng.reporters.JUnitReportReporter -->
<testsuite hostname="DESKTOP-4AIQGOE" failures="0" tests="1" name="com.TestNG.Demos.ReadData_Excel" time="0.016" errors="0" timestamp="2024-06-29T23:39:28 IST" skipped="0">
  <testcase classname="com.TestNG.Demos.ReadData_Excel" name="readData" time="0.016"/>
  <system-out/>
</testsuite> <!-- com.TestNG.Demos.ReadData_Excel -->
