<?xml version="1.0" encoding="UTF-8"?>
<!-- Generated by org.testng.reporters.JUnitReportReporter -->
<testsuite hostname="DESKTOP-4AIQGOE" failures="0" tests="4" name="com.TestNG.Demos.MutipleTests" time="28.566" errors="0" timestamp="2024-06-19T21:05:56 IST" skipped="0">
  <testcase classname="com.TestNG.Demos.MutipleTests" name="openFlipkart" time="6.350"/>
  <system-out/>
  <testcase classname="com.TestNG.Demos.MutipleTests" name="openAjio" time="6.638"/>
  <system-out/>
  <testcase classname="com.TestNG.Demos.MutipleTests" name="openMyntra" time="8.635"/>
  <system-out/>
  <testcase classname="com.TestNG.Demos.MutipleTests" name="openMeesho" time="6.943"/>
  <system-out/>
</testsuite> <!-- com.TestNG.Demos.MutipleTests -->
