<?xml version="1.0" encoding="UTF-8"?>
<!-- Generated by org.testng.reporters.JUnitReportReporter -->
<testsuite hostname="DESKTOP-4AIQGOE" failures="0" tests="1" name="com.TestNG.Demos.FirstTest" time="14.671" errors="0" timestamp="2024-06-19T20:42:33 IST" skipped="0">
  <testcase classname="com.TestNG.Demos.FirstTest" name="OpenMeesho" time="14.671"/>
  <system-out/>
</testsuite> <!-- com.TestNG.Demos.FirstTest -->
