<?xml version="1.0" encoding="UTF-8"?>
<!-- Generated by org.testng.reporters.JUnitReportReporter -->
<testsuite hostname="DESKTOP-4AIQGOE" failures="0" tests="1" name="com.TestNG.Demos.KeywordDrivenFramework" time="12.800" errors="0" timestamp="2024-06-24T20:10:36 IST" skipped="0">
  <testcase classname="com.TestNG.Demos.KeywordDrivenFramework" name="testLogin" time="12.800"/>
  <system-out/>
</testsuite> <!-- com.TestNG.Demos.KeywordDrivenFramework -->
