<?xml version="1.0" encoding="UTF-8"?>
<!-- Generated by org.testng.reporters.JUnitReportReporter -->
<testsuite hostname="DESKTOP-4AIQGOE" failures="0" tests="4" name="com.TestNG.Demos.BeforeAndAfter" time="37.421" errors="0" timestamp="2024-06-19T21:43:33 IST" skipped="0">
  <testcase classname="com.TestNG.Demos.BeforeAndAfter" name="openFlipkart" time="1.414"/>
  <system-out/>
  <testcase classname="com.TestNG.Demos.BeforeAndAfter" name="openMyntra" time="29.241"/>
  <system-out/>
  <testcase classname="com.TestNG.Demos.BeforeAndAfter" name="openAjio" time="2.443"/>
  <system-out/>
  <testcase classname="com.TestNG.Demos.BeforeAndAfter" name="openMeesho" time="4.323"/>
  <system-out/>
</testsuite> <!-- com.TestNG.Demos.BeforeAndAfter -->
