<?xml version="1.0" encoding="UTF-8"?>
<!-- Generated by org.testng.reporters.JUnitReportReporter -->
<testsuite hostname="DESKTOP-4AIQGOE" failures="0" tests="1" name="com.TestNG.Demos.Parameterization" time="6.370" errors="0" timestamp="2024-06-24T20:18:20 IST" skipped="0">
  <testcase classname="com.TestNG.Demos.Parameterization" name="testLogin" time="6.370"/>
  <system-out/>
</testsuite> <!-- com.TestNG.Demos.Parameterization -->
