<?xml version="1.0" encoding="UTF-8"?>
<!-- Generated by org.testng.reporters.JUnitReportReporter -->
<testsuite hostname="DESKTOP-4AIQGOE" failures="0" tests="1" name="com.SeleniumWebDriver.Assignments.Assign22" time="0.071" errors="0" timestamp="2024-06-26T11:18:32 IST" skipped="0">
  <testcase classname="com.SeleniumWebDriver.Assignments.Assign22" name="writeData" time="0.071"/>
  <system-out/>
</testsuite> <!-- com.SeleniumWebDriver.Assignments.Assign22 -->
