<?xml version="1.0" encoding="UTF-8"?>
<!-- Generated by org.testng.reporters.JUnitReportReporter -->
<testsuite hostname="DESKTOP-4AIQGOE" failures="0" tests="4" name="com.TestNG.Demos.DataDrivenFramework" time="26.923" errors="0" timestamp="2024-06-24T11:00:31 IST" skipped="0">
  <testcase classname="com.TestNG.Demos.DataDrivenFramework" name="loginOHRM" time="4.080"/>
  <system-out/>
  <testcase classname="com.TestNG.Demos.DataDrivenFramework" name="loginOHRM" time="2.725"/>
  <system-out/>
  <testcase classname="com.TestNG.Demos.DataDrivenFramework" name="loginOHRM" time="12.811"/>
  <system-out/>
  <testcase classname="com.TestNG.Demos.DataDrivenFramework" name="loginOHRM" time="7.307"/>
  <system-out/>
</testsuite> <!-- com.TestNG.Demos.DataDrivenFramework -->
