<?xml version="1.0" encoding="UTF-8"?>
<!-- Generated by org.testng.reporters.JUnitReportReporter -->
<testsuite hostname="DESKTOP-4AIQGOE" failures="0" tests="2" name="com.SeleniumWebDriver.Assignments.Assign21" time="34.380" errors="0" timestamp="2024-06-24T11:40:27 IST" skipped="0">
  <testcase classname="com.SeleniumWebDriver.Assignments.Assign21" name="clickonMobiles" time="13.560"/>
  <system-out/>
  <testcase classname="com.SeleniumWebDriver.Assignments.Assign21" name="clickonElectronics" time="20.820"/>
  <system-out/>
</testsuite> <!-- com.SeleniumWebDriver.Assignments.Assign21 -->
