<?xml version="1.0" encoding="UTF-8"?>
<!-- Generated by org.testng.reporters.JUnitReportReporter -->
<testsuite hostname="DESKTOP-4AIQGOE" failures="0" tests="3" name="com.SeleniumWebDriver.Assignments.Assign23" time="0.210" errors="0" timestamp="2024-06-27T22:43:06 IST" skipped="0">
  <testcase classname="com.SeleniumWebDriver.Assignments.Assign23" name="createLogin" time="0.023"/>
  <system-out/>
  <testcase classname="com.SeleniumWebDriver.Assignments.Assign23" name="createLogin" time="0.013"/>
  <system-out/>
  <testcase classname="com.SeleniumWebDriver.Assignments.Assign23" name="createLogin" time="0.174"/>
  <system-out/>
</testsuite> <!-- com.SeleniumWebDriver.Assignments.Assign23 -->
