<?xml version="1.0" encoding="UTF-8"?>
<!-- Generated by org.testng.reporters.JUnitReportReporter -->
<testsuite hostname="DESKTOP-4AIQGOE" failures="0" tests="4" name="com.TestNG.Demos.BeforeAndAfterMethods" time="15.319" errors="0" timestamp="2024-06-19T22:36:07 IST" skipped="0">
  <testcase classname="com.TestNG.Demos.BeforeAndAfterMethods" name="openFlipkart" time="1.130"/>
  <system-out/>
  <testcase classname="com.TestNG.Demos.BeforeAndAfterMethods" name="openAjio" time="7.701"/>
  <system-out/>
  <testcase classname="com.TestNG.Demos.BeforeAndAfterMethods" name="openMyntra" time="5.983"/>
  <system-out/>
  <testcase classname="com.TestNG.Demos.BeforeAndAfterMethods" name="openMeesho" time="0.505"/>
  <system-out/>
</testsuite> <!-- com.TestNG.Demos.BeforeAndAfterMethods -->
